app/build/intermediates/manifest_merge_blame_file/release/processReleaseMainManifest/manifest-merger-blame-release-report.txt
1<?xml version="1.0" encoding="utf-8"?>
2<manifest xmlns:android="http://schemas.android.com/apk/res/android"
3    package="com.speedwall.overlay"
4    android:versionCode="1"
5    android:versionName="1.0" >
6
7    <uses-sdk
8        android:minSdkVersion="26"
9        android:targetSdkVersion="36" />
10
11    <uses-feature
11-->src/main/AndroidManifest.xml:5:5-84
12        android:name="android.hardware.camera"
12-->src/main/AndroidManifest.xml:5:19-57
13        android:required="true" />
13-->src/main/AndroidManifest.xml:5:58-81
14    <uses-feature
14-->src/main/AndroidManifest.xml:6:5-99
15        android:name="android.hardware.sensor.accelerometer"
15-->src/main/AndroidManifest.xml:6:19-71
16        android:required="false" />
16-->src/main/AndroidManifest.xml:6:72-96
17
18    <uses-permission android:name="android.permission.CAMERA" />
18-->src/main/AndroidManifest.xml:8:5-65
18-->src/main/AndroidManifest.xml:8:22-62
19    <uses-permission
19-->src/main/AndroidManifest.xml:9:5-10:38
20        android:name="android.permission.WRITE_EXTERNAL_STORAGE"
20-->src/main/AndroidManifest.xml:9:22-78
21        android:maxSdkVersion="28" />
21-->src/main/AndroidManifest.xml:10:9-35
22
23    <permission
23-->[androidx.core:core:1.15.0] AndroidManifest.xml:22:5-24:47
24        android:name="com.speedwall.overlay.DYNAMIC_RECEIVER_NOT_EXPORTED_PERMISSION"
24-->[androidx.core:core:1.15.0] AndroidManifest.xml:23:9-81
25        android:protectionLevel="signature" />
25-->[androidx.core:core:1.15.0] AndroidManifest.xml:24:9-44
26
27    <uses-permission android:name="com.speedwall.overlay.DYNAMIC_RECEIVER_NOT_EXPORTED_PERMISSION" />
27-->[androidx.core:core:1.15.0] AndroidManifest.xml:26:5-97
27-->[androidx.core:core:1.15.0] AndroidManifest.xml:26:22-94
28
29    <application
29-->src/main/AndroidManifest.xml:12:5-30:19
30        android:allowBackup="true"
30-->src/main/AndroidManifest.xml:13:9-35
31        android:appComponentFactory="androidx.core.app.CoreComponentFactory"
31-->[androidx.core:core:1.15.0] AndroidManifest.xml:28:18-86
32        android:extractNativeLibs="false"
33        android:icon="@mipmap/ic_launcher"
33-->src/main/AndroidManifest.xml:14:9-43
34        android:label="@string/app_name"
34-->src/main/AndroidManifest.xml:15:9-41
35        android:roundIcon="@mipmap/ic_launcher_round"
35-->src/main/AndroidManifest.xml:16:9-54
36        android:supportsRtl="true"
36-->src/main/AndroidManifest.xml:17:9-35
37        android:theme="@style/Theme.SpeedWallOverlay" >
37-->src/main/AndroidManifest.xml:18:9-54
38        <activity
38-->src/main/AndroidManifest.xml:20:9-29:20
39            android:name="com.speedwall.overlay.MainActivity"
39-->src/main/AndroidManifest.xml:21:13-41
40            android:exported="true"
40-->src/main/AndroidManifest.xml:22:13-36
41            android:screenOrientation="unspecified"
41-->src/main/AndroidManifest.xml:23:13-52
42            android:theme="@style/Theme.SpeedWallOverlay" >
42-->src/main/AndroidManifest.xml:24:13-58
43            <intent-filter>
43-->src/main/AndroidManifest.xml:25:13-28:29
44                <action android:name="android.intent.action.MAIN" />
44-->src/main/AndroidManifest.xml:26:17-69
44-->src/main/AndroidManifest.xml:26:25-66
45
46                <category android:name="android.intent.category.LAUNCHER" />
46-->src/main/AndroidManifest.xml:27:17-77
46-->src/main/AndroidManifest.xml:27:27-74
47            </intent-filter>
48        </activity>
49
50        <service
50-->[androidx.camera:camera-camera2:1.4.1] AndroidManifest.xml:24:9-33:19
51            android:name="androidx.camera.core.impl.MetadataHolderService"
51-->[androidx.camera:camera-camera2:1.4.1] AndroidManifest.xml:25:13-75
52            android:enabled="false"
52-->[androidx.camera:camera-camera2:1.4.1] AndroidManifest.xml:26:13-36
53            android:exported="false" >
53-->[androidx.camera:camera-camera2:1.4.1] AndroidManifest.xml:27:13-37
54            <meta-data
54-->[androidx.camera:camera-camera2:1.4.1] AndroidManifest.xml:30:13-32:89
55                android:name="androidx.camera.core.impl.MetadataHolderService.DEFAULT_CONFIG_PROVIDER"
55-->[androidx.camera:camera-camera2:1.4.1] AndroidManifest.xml:31:17-103
56                android:value="androidx.camera.camera2.Camera2Config$DefaultProvider" />
56-->[androidx.camera:camera-camera2:1.4.1] AndroidManifest.xml:32:17-86
57        </service>
58
59        <provider
59-->[androidx.emoji2:emoji2:1.3.0] AndroidManifest.xml:24:9-32:20
60            android:name="androidx.startup.InitializationProvider"
60-->[androidx.emoji2:emoji2:1.3.0] AndroidManifest.xml:25:13-67
61            android:authorities="com.speedwall.overlay.androidx-startup"
61-->[androidx.emoji2:emoji2:1.3.0] AndroidManifest.xml:26:13-68
62            android:exported="false" >
62-->[androidx.emoji2:emoji2:1.3.0] AndroidManifest.xml:27:13-37
63            <meta-data
63-->[androidx.emoji2:emoji2:1.3.0] AndroidManifest.xml:29:13-31:52
64                android:name="androidx.emoji2.text.EmojiCompatInitializer"
64-->[androidx.emoji2:emoji2:1.3.0] AndroidManifest.xml:30:17-75
65                android:value="androidx.startup" />
65-->[androidx.emoji2:emoji2:1.3.0] AndroidManifest.xml:31:17-49
66            <meta-data
66-->[androidx.lifecycle:lifecycle-process:2.8.7] AndroidManifest.xml:29:13-31:52
67                android:name="androidx.lifecycle.ProcessLifecycleInitializer"
67-->[androidx.lifecycle:lifecycle-process:2.8.7] AndroidManifest.xml:30:17-78
68                android:value="androidx.startup" />
68-->[androidx.lifecycle:lifecycle-process:2.8.7] AndroidManifest.xml:31:17-49
69            <meta-data
69-->[androidx.profileinstaller:profileinstaller:1.3.1] AndroidManifest.xml:29:13-31:52
70                android:name="androidx.profileinstaller.ProfileInstallerInitializer"
70-->[androidx.profileinstaller:profileinstaller:1.3.1] AndroidManifest.xml:30:17-85
71                android:value="androidx.startup" />
71-->[androidx.profileinstaller:profileinstaller:1.3.1] AndroidManifest.xml:31:17-49
72        </provider>
73
74        <receiver
74-->[androidx.profileinstaller:profileinstaller:1.3.1] AndroidManifest.xml:34:9-52:20
75            android:name="androidx.profileinstaller.ProfileInstallReceiver"
75-->[androidx.profileinstaller:profileinstaller:1.3.1] AndroidManifest.xml:35:13-76
76            android:directBootAware="false"
76-->[androidx.profileinstaller:profileinstaller:1.3.1] AndroidManifest.xml:36:13-44
77            android:enabled="true"
77-->[androidx.profileinstaller:profileinstaller:1.3.1] AndroidManifest.xml:37:13-35
78            android:exported="true"
78-->[androidx.profileinstaller:profileinstaller:1.3.1] AndroidManifest.xml:38:13-36
79            android:permission="android.permission.DUMP" >
79-->[androidx.profileinstaller:profileinstaller:1.3.1] AndroidManifest.xml:39:13-57
80            <intent-filter>
80-->[androidx.profileinstaller:profileinstaller:1.3.1] AndroidManifest.xml:40:13-42:29
81                <action android:name="androidx.profileinstaller.action.INSTALL_PROFILE" />
81-->[androidx.profileinstaller:profileinstaller:1.3.1] AndroidManifest.xml:41:17-91
81-->[androidx.profileinstaller:profileinstaller:1.3.1] AndroidManifest.xml:41:25-88
82            </intent-filter>
83            <intent-filter>
83-->[androidx.profileinstaller:profileinstaller:1.3.1] AndroidManifest.xml:43:13-45:29
84                <action android:name="androidx.profileinstaller.action.SKIP_FILE" />
84-->[androidx.profileinstaller:profileinstaller:1.3.1] AndroidManifest.xml:44:17-85
84-->[androidx.profileinstaller:profileinstaller:1.3.1] AndroidManifest.xml:44:25-82
85            </intent-filter>
86            <intent-filter>
86-->[androidx.profileinstaller:profileinstaller:1.3.1] AndroidManifest.xml:46:13-48:29
87                <action android:name="androidx.profileinstaller.action.SAVE_PROFILE" />
87-->[androidx.profileinstaller:profileinstaller:1.3.1] AndroidManifest.xml:47:17-88
87-->[androidx.profileinstaller:profileinstaller:1.3.1] AndroidManifest.xml:47:25-85
88            </intent-filter>
89            <intent-filter>
89-->[androidx.profileinstaller:profileinstaller:1.3.1] AndroidManifest.xml:49:13-51:29
90                <action android:name="androidx.profileinstaller.action.BENCHMARK_OPERATION" />
90-->[androidx.profileinstaller:profileinstaller:1.3.1] AndroidManifest.xml:50:17-95
90-->[androidx.profileinstaller:profileinstaller:1.3.1] AndroidManifest.xml:50:25-92
91            </intent-filter>
92        </receiver>
93    </application>
94
95</manifest>